[INFO] Scanning for projects...
[INFO] 
[INFO] ----------------------< com.um.trabajofinal:demo >----------------------
[INFO] Building Backend 0.0.1-SNAPSHOT
[INFO]   from pom.xml
[INFO] --------------------------------[ jar ]---------------------------------
[INFO] 
[INFO] >>> spring-boot:3.5.7:run (default-cli) > test-compile @ demo >>>
[INFO] 
[INFO] --- resources:3.3.1:resources (default-resources) @ demo ---
[INFO] Copying 1 resource from src/main/resources to target/classes
[INFO] Copying 2 resources from src/main/resources to target/classes
[INFO] 
[INFO] --- compiler:3.14.1:compile (default-compile) @ demo ---
[INFO] Nothing to compile - all classes are up to date.
[INFO] 
[INFO] --- resources:3.3.1:testResources (default-testResources) @ demo ---
[INFO] skip non existing resourceDirectory /home/pablo/datos/Facultad/Programacion/programacion-2-2025-trabajo-final-PabloHerrera99/Backend/src/test/resources
[INFO] 
[INFO] --- compiler:3.14.1:testCompile (default-testCompile) @ demo ---
[INFO] Recompiling the module because of changed source code.
[INFO] Compiling 1 source file with javac [debug parameters release 21] to target/test-classes
[INFO] 
[INFO] <<< spring-boot:3.5.7:run (default-cli) < test-compile @ demo <<<
[INFO] 
[INFO] 
[INFO] --- spring-boot:3.5.7:run (default-cli) @ demo ---
[INFO] Attaching agents: []

  .   ____          _            __ _ _
 /\\ / ___'_ __ _ _(_)_ __  __ _ \ \ \ \
( ( )\___ | '_ | '_| | '_ \/ _` | \ \ \ \
 \\/  ___)| |_)| | | | | || (_| |  ) ) ) )
  '  |____| .__|_| |_|_| |_\__, | / / / /
 =========|_|==============|___/=/_/_/_/

 :: Spring Boot ::                (v3.5.7)

2025-11-23T17:34:41.696-03:00  INFO 89783 --- [Backend] [  restartedMain] c.u.t.demo.BackendApplication            : Starting BackendApplication using Java 21.0.7 with PID 89783 (/home/pablo/datos/Facultad/Programacion/programacion-2-2025-trabajo-final-PabloHerrera99/Backend/target/classes started by pablo in /home/pablo/datos/Facultad/Programacion/programacion-2-2025-trabajo-final-PabloHerrera99/Backend)
2025-11-23T17:34:41.698-03:00  INFO 89783 --- [Backend] [  restartedMain] c.u.t.demo.BackendApplication            : No active profile set, falling back to 1 default profile: "default"
2025-11-23T17:34:41.753-03:00  INFO 89783 --- [Backend] [  restartedMain] .e.DevToolsPropertyDefaultsPostProcessor : Devtools property defaults active! Set 'spring.devtools.add-properties' to 'false' to disable
2025-11-23T17:34:41.754-03:00  INFO 89783 --- [Backend] [  restartedMain] .e.DevToolsPropertyDefaultsPostProcessor : For additional web related logging consider setting the 'logging.level.web' property to 'DEBUG'
2025-11-23T17:34:42.709-03:00  INFO 89783 --- [Backend] [  restartedMain] .s.d.r.c.RepositoryConfigurationDelegate : Multiple Spring Data modules found, entering strict repository configuration mode
2025-11-23T17:34:42.710-03:00  INFO 89783 --- [Backend] [  restartedMain] .s.d.r.c.RepositoryConfigurationDelegate : Bootstrapping Spring Data JPA repositories in DEFAULT mode.
2025-11-23T17:34:42.874-03:00  INFO 89783 --- [Backend] [  restartedMain] .s.d.r.c.RepositoryConfigurationDelegate : Finished Spring Data repository scanning in 154 ms. Found 4 JPA repository interfaces.
2025-11-23T17:34:42.893-03:00  INFO 89783 --- [Backend] [  restartedMain] .s.d.r.c.RepositoryConfigurationDelegate : Multiple Spring Data modules found, entering strict repository configuration mode
2025-11-23T17:34:42.894-03:00  INFO 89783 --- [Backend] [  restartedMain] .s.d.r.c.RepositoryConfigurationDelegate : Bootstrapping Spring Data Redis repositories in DEFAULT mode.
2025-11-23T17:34:42.910-03:00  INFO 89783 --- [Backend] [  restartedMain] .RepositoryConfigurationExtensionSupport : Spring Data Redis - Could not safely identify store assignment for repository candidate interface com.um.trabajofinal.demo.persistence.repository.AsientoVentaRepository; If you want this repository to be a Redis repository, consider annotating your entities with one of these annotations: org.springframework.data.redis.core.RedisHash (preferred), or consider extending one of the following types with your repository: org.springframework.data.keyvalue.repository.KeyValueRepository
2025-11-23T17:34:42.910-03:00  INFO 89783 --- [Backend] [  restartedMain] .RepositoryConfigurationExtensionSupport : Spring Data Redis - Could not safely identify store assignment for repository candidate interface com.um.trabajofinal.demo.persistence.repository.EventoRepository; If you want this repository to be a Redis repository, consider annotating your entities with one of these annotations: org.springframework.data.redis.core.RedisHash (preferred), or consider extending one of the following types with your repository: org.springframework.data.keyvalue.repository.KeyValueRepository
2025-11-23T17:34:42.910-03:00  INFO 89783 --- [Backend] [  restartedMain] .RepositoryConfigurationExtensionSupport : Spring Data Redis - Could not safely identify store assignment for repository candidate interface com.um.trabajofinal.demo.persistence.repository.UsuarioRepository; If you want this repository to be a Redis repository, consider annotating your entities with one of these annotations: org.springframework.data.redis.core.RedisHash (preferred), or consider extending one of the following types with your repository: org.springframework.data.keyvalue.repository.KeyValueRepository
2025-11-23T17:34:42.911-03:00  INFO 89783 --- [Backend] [  restartedMain] .RepositoryConfigurationExtensionSupport : Spring Data Redis - Could not safely identify store assignment for repository candidate interface com.um.trabajofinal.demo.persistence.repository.VentaRepository; If you want this repository to be a Redis repository, consider annotating your entities with one of these annotations: org.springframework.data.redis.core.RedisHash (preferred), or consider extending one of the following types with your repository: org.springframework.data.keyvalue.repository.KeyValueRepository
2025-11-23T17:34:42.911-03:00  INFO 89783 --- [Backend] [  restartedMain] .s.d.r.c.RepositoryConfigurationDelegate : Finished Spring Data repository scanning in 9 ms. Found 0 Redis repository interfaces.
2025-11-23T17:34:43.652-03:00  INFO 89783 --- [Backend] [  restartedMain] o.s.b.w.embedded.tomcat.TomcatWebServer  : Tomcat initialized with port 8080 (http)
2025-11-23T17:34:43.676-03:00  INFO 89783 --- [Backend] [  restartedMain] o.apache.catalina.core.StandardService   : Starting service [Tomcat]
2025-11-23T17:34:43.677-03:00  INFO 89783 --- [Backend] [  restartedMain] o.apache.catalina.core.StandardEngine    : Starting Servlet engine: [Apache Tomcat/10.1.48]
2025-11-23T17:34:43.716-03:00  INFO 89783 --- [Backend] [  restartedMain] o.a.c.c.C.[Tomcat].[localhost].[/]       : Initializing Spring embedded WebApplicationContext
2025-11-23T17:34:43.717-03:00  INFO 89783 --- [Backend] [  restartedMain] w.s.c.ServletWebServerApplicationContext : Root WebApplicationContext: initialization completed in 1962 ms
2025-11-23T17:34:43.898-03:00  INFO 89783 --- [Backend] [  restartedMain] com.zaxxer.hikari.HikariDataSource       : HikariPool-1 - Starting...
2025-11-23T17:34:44.327-03:00  INFO 89783 --- [Backend] [  restartedMain] com.zaxxer.hikari.pool.HikariPool        : HikariPool-1 - Added connection conn0: url=jdbc:h2:mem:db user=SA
2025-11-23T17:34:44.330-03:00  INFO 89783 --- [Backend] [  restartedMain] com.zaxxer.hikari.HikariDataSource       : HikariPool-1 - Start completed.
2025-11-23T17:34:44.547-03:00  INFO 89783 --- [Backend] [  restartedMain] o.hibernate.jpa.internal.util.LogHelper  : HHH000204: Processing PersistenceUnitInfo [name: default]
2025-11-23T17:34:44.619-03:00  INFO 89783 --- [Backend] [  restartedMain] org.hibernate.Version                    : HHH000412: Hibernate ORM core version 6.6.33.Final
2025-11-23T17:34:44.676-03:00  INFO 89783 --- [Backend] [  restartedMain] o.h.c.internal.RegionFactoryInitiator    : HHH000026: Second-level cache disabled
2025-11-23T17:34:45.152-03:00  INFO 89783 --- [Backend] [  restartedMain] o.s.o.j.p.SpringPersistenceUnitInfo      : No LoadTimeWeaver setup: ignoring JPA class transformer
2025-11-23T17:34:45.265-03:00  WARN 89783 --- [Backend] [  restartedMain] org.hibernate.orm.deprecation            : HHH90000025: H2Dialect does not need to be specified explicitly using 'hibernate.dialect' (remove the property setting and it will be selected by default)
2025-11-23T17:34:45.285-03:00  INFO 89783 --- [Backend] [  restartedMain] org.hibernate.orm.connections.pooling    : HHH10001005: Database info:
	Database JDBC URL [Connecting through datasource 'HikariDataSource (HikariPool-1)']
	Database driver: undefined/unknown
	Database version: 2.3.232
	Autocommit mode: undefined/unknown
	Isolation level: undefined/unknown
	Minimum pool size: undefined/unknown
	Maximum pool size: undefined/unknown
2025-11-23T17:34:46.341-03:00  INFO 89783 --- [Backend] [  restartedMain] o.h.e.t.j.p.i.JtaPlatformInitiator       : HHH000489: No JTA platform available (set 'hibernate.transaction.jta.platform' to enable JTA platform integration)
2025-11-23T17:34:46.417-03:00  INFO 89783 --- [Backend] [  restartedMain] j.LocalContainerEntityManagerFactoryBean : Initialized JPA EntityManagerFactory for persistence unit 'default'
2025-11-23T17:34:46.870-03:00  WARN 89783 --- [Backend] [  restartedMain] JpaBaseConfiguration$JpaWebConfiguration : spring.jpa.open-in-view is enabled by default. Therefore, database queries may be performed during view rendering. Explicitly configure spring.jpa.open-in-view to disable this warning
2025-11-23T17:34:46.905-03:00  WARN 89783 --- [Backend] [  restartedMain] .s.s.UserDetailsServiceAutoConfiguration : 

Using generated security password: 69c4544f-28c5-4c2d-813f-663c734b7fb3

This generated password is for development use only. Your security configuration must be updated before running your application in production.

2025-11-23T17:34:46.913-03:00  INFO 89783 --- [Backend] [  restartedMain] r$InitializeUserDetailsManagerConfigurer : Global AuthenticationManager configured with UserDetailsService bean with name inMemoryUserDetailsManager
2025-11-23T17:34:47.841-03:00  INFO 89783 --- [Backend] [  restartedMain] o.s.b.a.h2.H2ConsoleAutoConfiguration    : H2 console available at '/h2-console'. Database available at 'jdbc:h2:mem:db'
2025-11-23T17:34:48.010-03:00  INFO 89783 --- [Backend] [  restartedMain] o.s.b.d.a.OptionalLiveReloadServer       : LiveReload server is running on port 35729
2025-11-23T17:34:48.057-03:00  INFO 89783 --- [Backend] [  restartedMain] o.s.b.w.embedded.tomcat.TomcatWebServer  : Tomcat started on port 8080 (http) with context path '/'
2025-11-23T17:34:48.071-03:00  INFO 89783 --- [Backend] [  restartedMain] c.u.t.demo.BackendApplication            : Started BackendApplication in 6.86 seconds (process running for 7.346)
Hibernate: select count(*) from usuarios u1_0
[SeedCheck] Usuarios en BD: 0
Hibernate: select u1_0.id,u1_0.creado_en,u1_0.habilitado,u1_0.password,u1_0.rol,u1_0.username from usuarios u1_0
Hibernate: select u1_0.id,u1_0.creado_en,u1_0.habilitado,u1_0.password,u1_0.rol,u1_0.username from usuarios u1_0 where u1_0.username=?
Hibernate: insert into usuarios (creado_en,habilitado,password,rol,username,id) values (?,?,?,?,?,default)
SeedDataRunner: seed usuario 'usuario' creado
2025-11-23T17:34:51.619-03:00  INFO 89783 --- [Backend] [nio-8080-exec-1] o.a.c.c.C.[Tomcat].[localhost].[/]       : Initializing Spring DispatcherServlet 'dispatcherServlet'
2025-11-23T17:34:51.619-03:00  INFO 89783 --- [Backend] [nio-8080-exec-1] o.s.web.servlet.DispatcherServlet        : Initializing Servlet 'dispatcherServlet'
2025-11-23T17:34:51.621-03:00  INFO 89783 --- [Backend] [nio-8080-exec-1] o.s.web.servlet.DispatcherServlet        : Completed initialization in 2 ms
Hibernate: select u1_0.id,u1_0.creado_en,u1_0.habilitado,u1_0.password,u1_0.rol,u1_0.username from usuarios u1_0 where u1_0.username=?
[DEBUG_AUTH] username=usuario found=true passwordMatches=true
Hibernate: select e1_0.id,e1_0.activo,e1_0.categoria,e1_0.descripcion,e1_0.external_id,e1_0.fecha_hora,e1_0.lugar,e1_0.moneda,e1_0.nombre,e1_0.precio_base,e1_0.sala from eventos e1_0 where e1_0.activo
2025-11-23T17:34:59.464-03:00  INFO 89783 --- [Backend] [ionShutdownHook] o.s.b.w.e.tomcat.GracefulShutdown        : Commencing graceful shutdown. Waiting for active requests to complete
2025-11-23T17:34:59.509-03:00  INFO 89783 --- [Backend] [tomcat-shutdown] o.s.b.w.e.tomcat.GracefulShutdown        : Graceful shutdown complete
2025-11-23T17:34:59.599-03:00  INFO 89783 --- [Backend] [ionShutdownHook] j.LocalContainerEntityManagerFactoryBean : Closing JPA EntityManagerFactory for persistence unit 'default'
2025-11-23T17:34:59.608-03:00  WARN 89783 --- [Backend] [ionShutdownHook] o.s.b.f.support.DisposableBeanAdapter    : Invocation of destroy method failed on bean with name 'inMemoryDatabaseShutdownExecutor': org.h2.jdbc.JdbcSQLNonTransientConnectionException: La base de datos ya esta cerrada (para des-habilitar el cerrado automatico durante el shutdown de la VM, agregue ";DB_CLOSE_ON_EXIT=FALSE" a la URL de conexión)
Database is already closed (to disable automatic closing at VM shutdown, add ";DB_CLOSE_ON_EXIT=FALSE" to the db URL) [90121-232]
2025-11-23T17:34:59.610-03:00  INFO 89783 --- [Backend] [ionShutdownHook] com.zaxxer.hikari.HikariDataSource       : HikariPool-1 - Shutdown initiated...
2025-11-23T17:34:59.614-03:00  INFO 89783 --- [Backend] [ionShutdownHook] com.zaxxer.hikari.HikariDataSource       : HikariPool-1 - Shutdown completed.
